<?xml version="1.0" encoding="UTF-8"?>
<testng-results skipped="0" failed="0" total="1" passed="1">
  <reporter-output>
  </reporter-output>
  <suite name="Default suite" duration-ms="20395" started-at="2017-01-16T22:37:49Z" finished-at="2017-01-16T22:38:09Z">
    <groups>
    </groups>
    <test name="Default test" duration-ms="20395" started-at="2017-01-16T22:37:49Z" finished-at="2017-01-16T22:38:09Z">
      <class name="Selenium_POM.Selenium_POMs.practise_project.testscripts.TC001_TestLogin">
        <test-method status="PASS" signature="setUp()[pri:0, instance:Selenium_POM.Selenium_POMs.practise_project.testscripts.TC001_TestLogin@675d3402]" name="setUp" is-config="true" duration-ms="9790" started-at="2017-01-16T14:37:49Z" finished-at="2017-01-16T14:37:59Z">
          <reporter-output>
          </reporter-output>
        </test-method> <!-- setUp -->
        <test-method status="PASS" signature="testLogin()[pri:0, instance:Selenium_POM.Selenium_POMs.practise_project.testscripts.TC001_TestLogin@675d3402]" name="testLogin" duration-ms="10570" started-at="2017-01-16T14:37:59Z" finished-at="2017-01-16T14:38:09Z">
          <reporter-output>
          </reporter-output>
        </test-method> <!-- testLogin -->
      </class> <!-- Selenium_POM.Selenium_POMs.practise_project.testscripts.TC001_TestLogin -->
    </test> <!-- Default test -->
  </suite> <!-- Default suite -->
</testng-results>
