<?xml version="1.0" encoding="UTF-8"?>
<testng-results skipped="0" failed="0" total="3" passed="3">
  <reporter-output>
  </reporter-output>
  <suite name="Suite" duration-ms="63381" started-at="2017-02-17T05:48:32Z" finished-at="2017-02-17T05:49:35Z">
    <groups>
    </groups>
    <test name="loginTest" duration-ms="22461" started-at="2017-02-17T05:48:32Z" finished-at="2017-02-17T05:48:54Z">
      <class name="Selenium_POM.Selenium_POMs.practise_project.testscripts.TC001_TestLogin">
        <test-method status="PASS" signature="setUp()[pri:0, instance:Selenium_POM.Selenium_POMs.practise_project.testscripts.TC001_TestLogin@675d3402]" name="setUp" is-config="true" duration-ms="11418" started-at="2017-02-16T21:48:32Z" finished-at="2017-02-16T21:48:43Z">
          <reporter-output>
          </reporter-output>
        </test-method> <!-- setUp -->
        <test-method status="PASS" signature="testLogin()[pri:0, instance:Selenium_POM.Selenium_POMs.practise_project.testscripts.TC001_TestLogin@675d3402]" name="testLogin" duration-ms="11004" started-at="2017-02-16T21:48:43Z" finished-at="2017-02-16T21:48:54Z">
          <reporter-output>
          </reporter-output>
        </test-method> <!-- testLogin -->
      </class> <!-- Selenium_POM.Selenium_POMs.practise_project.testscripts.TC001_TestLogin -->
    </test> <!-- loginTest -->
    <test name="createAccountTest" duration-ms="18787" started-at="2017-02-17T05:48:54Z" finished-at="2017-02-17T05:49:13Z">
      <class name="Selenium_POM.Selenium_POMs.practise_project.testscripts.TC002_TestCreateAccount">
        <test-method status="PASS" signature="setUp()[pri:0, instance:Selenium_POM.Selenium_POMs.practise_project.testscripts.TC002_TestCreateAccount@46d56d67]" name="setUp" is-config="true" duration-ms="9220" started-at="2017-02-16T21:48:54Z" finished-at="2017-02-16T21:49:03Z">
          <reporter-output>
          </reporter-output>
        </test-method> <!-- setUp -->
        <test-method status="PASS" signature="testCreateAccount()[pri:0, instance:Selenium_POM.Selenium_POMs.practise_project.testscripts.TC002_TestCreateAccount@46d56d67]" name="testCreateAccount" duration-ms="9564" started-at="2017-02-16T21:49:03Z" finished-at="2017-02-16T21:49:13Z">
          <reporter-output>
          </reporter-output>
        </test-method> <!-- testCreateAccount -->
      </class> <!-- Selenium_POM.Selenium_POMs.practise_project.testscripts.TC002_TestCreateAccount -->
    </test> <!-- createAccountTest -->
    <test name="contactUsTest" duration-ms="22056" started-at="2017-02-17T05:49:13Z" finished-at="2017-02-17T05:49:35Z">
      <class name="Selenium_POM.Selenium_POMs.practise_project.testscripts.TC003_TestContactUs">
        <test-method status="PASS" signature="setUp()[pri:0, instance:Selenium_POM.Selenium_POMs.practise_project.testscripts.TC003_TestContactUs@29774679]" name="setUp" is-config="true" duration-ms="9177" started-at="2017-02-16T21:49:13Z" finished-at="2017-02-16T21:49:22Z">
          <reporter-output>
          </reporter-output>
        </test-method> <!-- setUp -->
        <test-method status="PASS" signature="testContactUs()[pri:0, instance:Selenium_POM.Selenium_POMs.practise_project.testscripts.TC003_TestContactUs@29774679]" name="testContactUs" duration-ms="12877" started-at="2017-02-16T21:49:22Z" finished-at="2017-02-16T21:49:35Z">
          <reporter-output>
          </reporter-output>
        </test-method> <!-- testContactUs -->
      </class> <!-- Selenium_POM.Selenium_POMs.practise_project.testscripts.TC003_TestContactUs -->
    </test> <!-- contactUsTest -->
  </suite> <!-- Suite -->
</testng-results>
